{"name": "test_addproject[-asd-1]", "status": "failed", "statusDetails": {"message": "AssertionError: assert 0 == 1", "trace": "self = <case.test_addproject.test_addproject.TestAddProject object at 0x000001D0CE2481C8>\nname = '', aliasname = 'asd', exp_code = 1\n\n    @pytest.mark.testmark\n    @pytest.mark.parametrize(\"name, aliasname, exp_code\", [(\"\",\"asd\", 1),(\"asd\", \"\", 0)])\n    def test_addproject(self, name, aliasname, exp_code):\n        res = Addproject(name=name, aliasname=aliasname).addproject()\n        print(res, res[\"code\"])\n>       assert res[\"code\"] == exp_code\nE       assert 0 == 1\n\ntest_addproject.py:32: AssertionError"}, "attachments": [{"name": "stdout", "source": "8235562e-a142-4a0d-bb8b-698282bc3e9c-attachment.txt", "type": "text/plain"}], "parameters": [{"name": "name", "value": "''"}, {"name": "aliasname", "value": "'asd'"}, {"name": "exp_code", "value": "1"}], "start": 1633765730048, "stop": 1633765730142, "uuid": "6cecc4b2-9360-4c82-8ad7-90a52d71db4c", "historyId": "4c48d02fd0429d38eb46f87d3c4b57c6", "testCaseId": "dd922aec80b9d69d535608a82c462850", "fullName": "case.test_addproject.test_addproject.TestAddProject#test_addproject", "labels": [{"name": "feature", "value": "测试报告"}, {"name": "tag", "value": "testmark"}, {"name": "parentSuite", "value": "case.test_addproject"}, {"name": "suite", "value": "test_addproject"}, {"name": "subSuite", "value": "TestAddProject"}, {"name": "host", "value": "DESKTOP-JBQBBC5"}, {"name": "thread", "value": "424-MainThread"}, {"name": "framework", "value": "pytest"}, {"name": "language", "value": "cpython3"}, {"name": "package", "value": "case.test_addproject.test_addproject"}]}